Arguments: 
  C:\Program Files\nodejs\node.exe C:\Users\raja roy\AppData\Roaming\npm\node_modules\yarn\bin\yarn.js

PATH: 
  C:\Python39\Scripts\;C:\Python39\;C:\Program Files (x86)\Common Files\Oracle\Java\javapath;C:\Windows\system32;C:\Windows;C:\Windows\System32\Wbem;C:\Windows\System32\WindowsPowerShell\v1.0\;C:\Windows\System32\OpenSSH\;C:\Program Files (x86)\NVIDIA Corporation\PhysX\Common;C:\Program Files\NVIDIA Corporation\NVIDIA NvDLISR;C:\WINDOWS\system32;C:\WINDOWS;C:\WINDOWS\System32\Wbem;C:\WINDOWS\System32\WindowsPowerShell\v1.0\;C:\WINDOWS\System32\OpenSSH\;C:\Program Files\nodejs\;C:\ProgramData\chocolatey\bin;C:\Program Files\Git\cmd;C:\Users\raja roy\AppData\Local\Programs\Microsoft VS Code\_;C:\Program Files\dotnet\;C:\Program Files\CMake\bin;C:\Users\raja roy\AppData\Local\Programs\Python\Python37\Scripts\;C:\Users\raja roy\AppData\Local\Programs\Python\Python37\;C:\Program Files (x86)\Common Files\Oracle\Java\javapath;C:\Windows\system32;C:\Windows;C:\Windows\System32\Wbem;C:\Windows\System32\WindowsPowerShell\v1.0\;C:\Windows\System32\OpenSSH\;C:\Program Files (x86)\NVIDIA Corporation\PhysX\Common;C:\Program Files\NVIDIA Corporation\NVIDIA NvDLISR;C:\WINDOWS\system32;C:\WINDOWS;C:\WINDOWS\System32\Wbem;C:\WINDOWS\System32\WindowsPowerShell\v1.0\;C:\WINDOWS\System32\OpenSSH\;C:\Program Files\nodejs\;C:\ProgramData\chocolatey\bin;C:\Program Files\Git\cmd;C:\Users\raja roy\AppData\Local\Microsoft\WindowsApps;C:\Program Files\JetBrains\PyCharm 2019.3.2\bin;C:\Users\raja roy\AppData\Roaming\npm;C:\Users\raja roy\AppData\Local\GitHubDesktop\bin;C:\Users\raja roy\AppData\Local\Programs\IPFS Desktop\resources\app.asar.unpacked\src\ipfs-on-path\scripts\bin-w;C:\Users\raja roy\AppData\Local\Programs\Microsoft VS Code\_;C:\Program Files\Docker Toolbox;C:\Users\raja roy\.local\bin;;C:\Users\raja roy\AppData\Roaming\Python\Python39\Scripts;C:\Program Files\Docker Toolbox;C:\Pro;C:\Users\raja roy\.dotnet\tools

Yarn version: 
  1.22.10

Node version: 
  12.16.3

Platform: 
  win32 x64

Trace: 
  SyntaxError: C:\Users\raja roy\Desktop\ETHEREUM_PROJECT\SweepingFunds\package.json: Unexpected token } in JSON at position 386
      at JSON.parse (<anonymous>)
      at C:\Users\raja roy\AppData\Roaming\npm\node_modules\yarn\lib\cli.js:1625:59
      at Generator.next (<anonymous>)
      at step (C:\Users\raja roy\AppData\Roaming\npm\node_modules\yarn\lib\cli.js:310:30)
      at C:\Users\raja roy\AppData\Roaming\npm\node_modules\yarn\lib\cli.js:321:13

npm manifest: 
  {
    "name": "sweepingfunds",
    "version": "1.0.0",
    "description": "",
    "main": "index.js",
    "scripts": {
      "test": "echo \"Error: no test specified\" && exit 1"
    },
    "author": "",
    "license": "ISC",
    "devDependencies": {
      "truffle-plugin-verify": "^0.5.7",
       "@openzeppelin/contracts": "^4.0.0",
      "@truffle/hdwallet-provider": "^1.2.3",
      "fs": "0.0.1-security",
    }
  }

yarn manifest: 
  No manifest

Lockfile: 
  # THIS IS AN AUTOGENERATED FILE. DO NOT EDIT THIS FILE DIRECTLY.
  # yarn lockfile v1
  
  
  axios@^0.21.1:
    version "0.21.1"
    resolved "https://registry.yarnpkg.com/axios/-/axios-0.21.1.tgz#22563481962f4d6bde9a76d516ef0e5d3c09b2b8"
    integrity sha512-dKQiRHxGD9PPRIUNIWvZhPTPpl1rf/OxTYKsqKUDjBwYylTvV7SjSHJb9ratfyzM6wCdLCOYLzs73qpg5c4iGA==
    dependencies:
      follow-redirects "^1.10.0"
  
  circular@^1.0.5:
    version "1.0.5"
    resolved "https://registry.yarnpkg.com/circular/-/circular-1.0.5.tgz#7da77af98bbde9ce4b5b358cd556b5dded2d3149"
    integrity sha1-fad6+Yu96c5LWzWM1Va13e0tMUk=
  
  cli-logger@^0.5.40:
    version "0.5.40"
    resolved "https://registry.yarnpkg.com/cli-logger/-/cli-logger-0.5.40.tgz#097f0e11b072c7c698a26c47f588a29c20b48b0b"
    integrity sha1-CX8OEbByx8aYomxH9YiinCC0iws=
    dependencies:
      circular "^1.0.5"
      cli-util "~1.1.27"
  
  cli-regexp@~0.1.0:
    version "0.1.2"
    resolved "https://registry.yarnpkg.com/cli-regexp/-/cli-regexp-0.1.2.tgz#6bcd93b09fb2ed1025d30a1155d5997954a53512"
    integrity sha1-a82TsJ+y7RAl0woRVdWZeVSlNRI=
  
  cli-util@~1.1.27:
    version "1.1.27"
    resolved "https://registry.yarnpkg.com/cli-util/-/cli-util-1.1.27.tgz#42d69e36a040a321fc9cf851c1513cadc5093054"
    integrity sha1-QtaeNqBAoyH8nPhRwVE8rcUJMFQ=
    dependencies:
      cli-regexp "~0.1.0"
  
  delay@^5.0.0:
    version "5.0.0"
    resolved "https://registry.yarnpkg.com/delay/-/delay-5.0.0.tgz#137045ef1b96e5071060dd5be60bf9334436bd1d"
    integrity sha512-ReEBKkIfe4ya47wlPYf/gu5ib6yUG0/Aez0JQZQz94kiWtRQvZIQbTiehsnwHvLSWJnQdhVeqYue7Id1dKr0qw==
  
  follow-redirects@^1.10.0:
    version "1.14.0"
    resolved "https://registry.yarnpkg.com/follow-redirects/-/follow-redirects-1.14.0.tgz#f5d260f95c5f8c105894491feee5dc8993b402fe"
    integrity sha512-0vRwd7RKQBTt+mgu87mtYeofLFZpTas2S9zY+jIeuLJMNvudIgF52nr19q40HOwH5RrhWIPuj9puybzSJiRrVg==
  
  querystring@^0.2.1:
    version "0.2.1"
    resolved "https://registry.yarnpkg.com/querystring/-/querystring-0.2.1.tgz#40d77615bb09d16902a85c3e38aa8b5ed761c2dd"
    integrity sha512-wkvS7mL/JMugcup3/rMitHmd9ecIGd2lhFhK9N3UUQ450h66d1r3Y9nvXzQAW1Lq+wyx61k/1pfKS5KuKiyEbg==
  
  truffle-plugin-verify@^0.5.7:
    version "0.5.7"
    resolved "https://registry.yarnpkg.com/truffle-plugin-verify/-/truffle-plugin-verify-0.5.7.tgz#c684c0a78a0dad8bf00c631ba1ac41c53a7b5040"
    integrity sha512-q26VTkrpzI0lS8D1j8nKG2+2cmTwc7rkDkdtvbWKAdUV+5Ijemgeo8PeQBNKKFsTqYo1ebG7IWTLE+B/7KFo1A==
    dependencies:
      axios "^0.21.1"
      cli-logger "^0.5.40"
      delay "^5.0.0"
      querystring "^0.2.1"
